This is e-pTeX, Version 3.141592653-p4.0.0-220214-2.6 (utf8.sjis) (TeX Live 2022) (preloaded format=platex 2022.12.23)  24 DEC 2022 13:22
entering extended mode
 restricted \write18 enabled.
 %&-line parsing enabled.
**c:/Users/PC_User/Documents/Syspro/doc/specifications
(c:/Users/PC_User/Documents/Syspro/doc/specifications.tex
pLaTeX2e <2021-11-15>+1 (based on LaTeX2e <2022-11-01> patch level 1)
L3 programming layer <2022-12-17> (c:/texlive/2022/texmf-dist/tex/platex/jsclasses/jsarticle.cls
Document Class: jsarticle 2022/09/13 jsclasses (okumura, texjporg)
\jsc@mpt=\dimen156
\jsc@mmm=\dimen157
\jsc@smallskipamount=\skip48
LaTeX Info: Redefining \textmc on input line 500.
LaTeX Info: Redefining \textgt on input line 502.
\symmincho=\mathgroup4
LaTeX Font Info:    Overwriting symbol font `mincho' in version `bold'
(Font)                  JY1/mc/m/n --> JY1/gt/m/n on input line 564.
LaTeX Font Info:    Font shape `JT1/mc/m/n' will be
(Font)              scaled to size 9.60999pt on input line 758.
LaTeX Font Info:    Font shape `JY1/mc/m/n' will be
(Font)              scaled to size 9.60999pt on input line 758.
\fullwidth=\dimen158
LaTeX Font Info:    Font shape `JT1/mc/m/n' will be
(Font)              scaled to size 7.68799pt on input line 911.
LaTeX Font Info:    Font shape `JY1/mc/m/n' will be
(Font)              scaled to size 7.68799pt on input line 911.
\c@part=\count184
\c@section=\count185
\c@subsection=\count186
\c@subsubsection=\count187
\c@paragraph=\count188
\c@subparagraph=\count189
\@abstractbox=\box68
\c@figure=\count190
\c@table=\count191
\abovecaptionskip=\skip49
\belowcaptionskip=\skip50
\jsc@tocl@width=\dimen159
\@lnumwidth=\dimen160
\bibindent=\dimen161
(c:/texlive/2022/texmf-dist/tex/platex/jsclasses/jslogo.sty
Package: jslogo 2019/07/25 okumura, texjporg
LaTeX Info: Redefining \TeX on input line 82.
LaTeX Info: Redefining \LaTeX on input line 135.
LaTeX Info: Redefining \LaTeXe on input line 188.
)
\heisei=\count192
) (c:/texlive/2022/texmf-dist/tex/latex/graphics/graphicx.sty
Package: graphicx 2021/09/16 v1.2d Enhanced LaTeX Graphics (DPC,SPQR)
 (c:/texlive/2022/texmf-dist/tex/latex/graphics/keyval.sty
Package: keyval 2022/05/29 v1.15 key=value parser (DPC)
\KV@toks@=\toks17
) (c:/texlive/2022/texmf-dist/tex/latex/graphics/graphics.sty
Package: graphics 2022/03/10 v1.4e Standard LaTeX Graphics (DPC,SPQR)
 (c:/texlive/2022/texmf-dist/tex/latex/graphics/trig.sty
Package: trig 2021/08/11 v1.11 sin cos tan (DPC)
) (c:/texlive/2022/texmf-dist/tex/latex/graphics-cfg/graphics.cfg
File: graphics.cfg 2016/06/04 v1.11 sample graphics configuration
)
Package graphics Info: Driver file: dvipdfmx.def on input line 107.
 (c:/texlive/2022/texmf-dist/tex/latex/graphics-def/dvipdfmx.def
File: dvipdfmx.def 2022/09/22 v5.0m Graphics/color driver for dvipdfmx
))
\Gin@req@height=\dimen162
\Gin@req@width=\dimen163
) (c:/texlive/2022/texmf-dist/tex/latex/caption/caption.sty
Package: caption 2022/03/01 v3.6b Customizing captions (AR)
 (c:/texlive/2022/texmf-dist/tex/latex/caption/caption3.sty
Package: caption3 2022/03/17 v2.3b caption3 kernel (AR)
\caption@tempdima=\dimen164
\captionmargin=\dimen165
\caption@leftmargin=\dimen166
\caption@rightmargin=\dimen167
\caption@width=\dimen168
\caption@indent=\dimen169
\caption@parindent=\dimen170
\caption@hangindent=\dimen171
Package caption Info: Unknown document class (or package),
(caption)             standard defaults will be used.
Package caption Info: \@makecaption = \long macro:#1#2->{\small \advance \leftskip .0628\linewidth \advance \rightskip .0628\linewidth \vskip \abovecaptionskip \sbox \@tempboxa {#1\hskip 1zw\relax #2}\ifdim \wd \@tempboxa <\hsize \centering \fi #1{\hskip 1zw\relax }#2\par \vskip \belowcaptionskip } on input line 1176.
)

Package caption Warning: Unknown document class (or package),
(caption)                standard defaults will be used.
See the caption package documentation for explanation.

\c@caption@flags=\count193
\c@continuedfloat=\count194
) (c:/texlive/2022/texmf-dist/tex/latex/here/here.sty) (c:/texlive/2022/texmf-dist/tex/latex/float/float.sty
Package: float 2001/11/08 v1.3d Float enhancements (AL)
\c@float@type=\count195
\float@exts=\toks18
\float@box=\box69
\@float@everytoks=\toks19
\@floatcapt=\box70
) (c:/texlive/2022/texmf-dist/tex/latex/l3backend/l3backend-dvipdfmx.def
File: l3backend-dvipdfmx.def 2022-10-26 L3 backend support: dvipdfmx
\g__graphics_track_int=\count196
\l__pdf_internal_box=\box71
\g__pdf_backend_object_int=\count197
\g__pdf_backend_annotation_int=\count198
\g__pdf_backend_link_int=\count199
) (./specifications.aux)
\openout1 = `specifications.aux'.

LaTeX Font Info:    Checking defaults for OML/cmm/m/it on input line 7.
LaTeX Font Info:    ... okay on input line 7.
LaTeX Font Info:    Checking defaults for OMS/cmsy/m/n on input line 7.
LaTeX Font Info:    ... okay on input line 7.
LaTeX Font Info:    Checking defaults for OT1/cmr/m/n on input line 7.
LaTeX Font Info:    ... okay on input line 7.
LaTeX Font Info:    Checking defaults for T1/cmr/m/n on input line 7.
LaTeX Font Info:    ... okay on input line 7.
LaTeX Font Info:    Checking defaults for TS1/cmr/m/n on input line 7.
LaTeX Font Info:    ... okay on input line 7.
LaTeX Font Info:    Checking defaults for OMX/cmex/m/n on input line 7.
LaTeX Font Info:    ... okay on input line 7.
LaTeX Font Info:    Checking defaults for U/cmr/m/n on input line 7.
LaTeX Font Info:    ... okay on input line 7.
LaTeX Font Info:    Checking defaults for JY1/mc/m/n on input line 7.
LaTeX Font Info:    ... okay on input line 7.
LaTeX Font Info:    Checking defaults for JT1/mc/m/n on input line 7.
LaTeX Font Info:    ... okay on input line 7.
Package caption Info: Begin \AtBeginDocument code.
Package caption Info: float package is loaded.
Package caption Info: End \AtBeginDocument code.
LaTeX Font Info:    Font shape `JT1/mc/m/n' will be
(Font)              scaled to size 23.90964pt on input line 11.
LaTeX Font Info:    Font shape `JY1/mc/m/n' will be
(Font)              scaled to size 23.90964pt on input line 11.
LaTeX Font Info:    Font shape `JT1/mc/m/n' will be
(Font)              scaled to size 13.83836pt on input line 14.
LaTeX Font Info:    Font shape `JY1/mc/m/n' will be
(Font)              scaled to size 13.83836pt on input line 14.
 [1

]
LaTeX Font Info:    Font shape `JT1/gt/m/n' will be
(Font)              scaled to size 13.83836pt on input line 30.
LaTeX Font Info:    Font shape `JY1/gt/m/n' will be
(Font)              scaled to size 13.83836pt on input line 30.
LaTeX Font Info:    Font shape `JT1/mc/m/n' will be
(Font)              scaled to size 11.53198pt on input line 31.
LaTeX Font Info:    Font shape `JY1/mc/m/n' will be
(Font)              scaled to size 11.53198pt on input line 31.
LaTeX Font Info:    Font shape `JT1/gt/m/n' will be
(Font)              scaled to size 11.53198pt on input line 31.
LaTeX Font Info:    Font shape `JY1/gt/m/n' will be
(Font)              scaled to size 11.53198pt on input line 31.
 [1] [2]
File: pictures/usecase.drawio_1.png Graphic file (type bmp)
<pictures/usecase.drawio_1.png>
 [3]
LaTeX Font Info:    External font `cmex10' loaded for size
(Font)              <7> on input line 86.
LaTeX Font Info:    External font `cmex10' loaded for size
(Font)              <5> on input line 86.
LaTeX Font Info:    Font shape `JY1/mc/m/n' will be
(Font)              scaled to size 6.72699pt on input line 86.
LaTeX Font Info:    Font shape `JY1/mc/m/n' will be
(Font)              scaled to size 4.805pt on input line 86.

Overfull \hbox (33.96999pt too wide) in paragraph at lines 86--131
[][][][] 
 []

[4]
Overfull \hbox (5.51723pt too wide) in paragraph at lines 137--170
[][][][] 
 []

[5]
Overfull \hbox (5.51723pt too wide) in paragraph at lines 176--212
[][][][] 
 []

[6]
Overfull \hbox (5.51723pt too wide) in paragraph at lines 217--236
[][][][] 
 []

[7]
Overfull \hbox (5.51723pt too wide) in paragraph at lines 241--284
[][][][] 
 []

[8]
Overfull \hbox (5.51723pt too wide) in paragraph at lines 289--327
[][][][] 
 []

[9]
File: pictures/pageSenni_1.png Graphic file (type bmp)
<pictures/pageSenni_1.png>

Overfull \hbox (50.78577pt too wide) in paragraph at lines 336--337
 [] 
 []

[10]
File: pictures/login.png Graphic file (type bmp)
<pictures/login.png>
File: pictures/signup.png Graphic file (type bmp)
<pictures/signup.png>
 [11]
File: pictures/index.png Graphic file (type bmp)
<pictures/index.png>
File: pictures/profile.png Graphic file (type bmp)
<pictures/profile.png>
 [12]
File: pictures/searchForm.png Graphic file (type bmp)
<pictures/searchForm.png>
File: pictures/bookForm.png Graphic file (type bmp)
<pictures/bookForm.png>
 [13]
File: pictures/commentForm.png Graphic file (type bmp)
<pictures/commentForm.png>
File: pictures/SysPro-ModelClassImage.png Graphic file (type bmp)
<pictures/SysPro-ModelClassImage.png>
 [14] [15]
File: pictures/MVC.png Graphic file (type bmp)
<pictures/MVC.png>

Overfull \hbox (19.67433pt too wide) in paragraph at lines 410--411
 [] 
 []

[16]
File: pictures/sequence-graph/signup.png Graphic file (type bmp)
<pictures/sequence-graph/signup.png>

Overfull \hbox (28.70818pt too wide) in paragraph at lines 421--422
 [] 
 []

File: pictures/sequence-graph/login.png Graphic file (type bmp)
<pictures/sequence-graph/login.png>

Overfull \hbox (28.70818pt too wide) in paragraph at lines 428--429
 [] 
 []

[17]
File: pictures/sequence-graph/sendAboutBook.png Graphic file (type bmp)
<pictures/sequence-graph/sendAboutBook.png>

Overfull \hbox (40.7533pt too wide) in paragraph at lines 435--436
 [] 
 []

[18]
File: pictures/sequence-graph/watchMessages.png Graphic file (type bmp)
<pictures/sequence-graph/watchMessages.png>

Overfull \hbox (47.8213pt too wide) in paragraph at lines 442--443
 [] 
 []

[19]
File: pictures/sequence-graph/reaction.png Graphic file (type bmp)
<pictures/sequence-graph/reaction.png>

Overfull \hbox (28.70818pt too wide) in paragraph at lines 449--450
 [] 
 []

[20]
File: pictures/sequence-graph/searchBook.png Graphic file (type bmp)
<pictures/sequence-graph/searchBook.png>

Overfull \hbox (28.70818pt too wide) in paragraph at lines 456--457
 [] 
 []

[21] [22] (./specifications.aux) ) 
Here is how much of TeX's memory you used:
 2619 strings out of 478000
 48407 string characters out of 5840072
 1856797 words of memory out of 5000000
 23120 multiletter control sequences out of 15000+600000
 520452 words of font info for 72 fonts, out of 8000000 for 9000
 41 hyphenation exceptions out of 8191
 55i,14n,63p,278b,405s stack positions out of 10000i,1000n,20000p,200000b,200000s

Output written on specifications.dvi (23 pages, 19012 bytes).
